2021-04-27T18:04:18.266576Z mysqld_safe Logging to '/var/lib/mysql/679d29da4ec0.err'.
2021-04-27T18:04:18.283212Z mysqld_safe Starting mysqld daemon with databases from /var/lib/mysql
2021-04-27T18:04:18.463418Z 0 [Warning] TIMESTAMP with implicit DEFAULT value is deprecated. Please use --explicit_defaults_for_timestamp server option (see documentation for more details).
2021-04-27T18:04:18.465141Z 0 [Note] /usr/sbin/mysqld (mysqld 5.7.22) starting as process 236 ...
2021-04-27T18:04:18.468923Z 0 [Note] InnoDB: PUNCH HOLE support available
2021-04-27T18:04:18.468962Z 0 [Note] InnoDB: Mutexes and rw_locks use GCC atomic builtins
2021-04-27T18:04:18.468967Z 0 [Note] InnoDB: Uses event mutexes
2021-04-27T18:04:18.468971Z 0 [Note] InnoDB: GCC builtin __atomic_thread_fence() is used for memory barrier
2021-04-27T18:04:18.468996Z 0 [Note] InnoDB: Compressed tables use zlib 1.2.3
2021-04-27T18:04:18.468999Z 0 [Note] InnoDB: Using Linux native AIO
2021-04-27T18:04:18.469268Z 0 [Note] InnoDB: Number of pools: 1
2021-04-27T18:04:18.469350Z 0 [Note] InnoDB: Using CPU crc32 instructions
2021-04-27T18:04:18.470634Z 0 [Note] InnoDB: Initializing buffer pool, total size = 128M, instances = 1, chunk size = 128M
2021-04-27T18:04:18.479937Z 0 [Note] InnoDB: Completed initialization of buffer pool
2021-04-27T18:04:18.482282Z 0 [Note] InnoDB: If the mysqld execution user is authorized, page cleaner thread priority can be changed. See the man page of setpriority().
2021-04-27T18:04:18.506884Z 0 [Note] InnoDB: Highest supported file format is Barracuda.
2021-04-27T18:04:18.521161Z 0 [Note] InnoDB: Creating shared tablespace for temporary tables
2021-04-27T18:04:18.521276Z 0 [Note] InnoDB: Setting file './ibtmp1' size to 12 MB. Physically writing the file full; Please wait ...
2021-04-27T18:04:18.537003Z 0 [Note] InnoDB: File './ibtmp1' size is now 12 MB.
2021-04-27T18:04:18.537581Z 0 [Note] InnoDB: 96 redo rollback segment(s) found. 96 redo rollback segment(s) are active.
2021-04-27T18:04:18.537590Z 0 [Note] InnoDB: 32 non-redo rollback segment(s) are active.
2021-04-27T18:04:18.537856Z 0 [Note] InnoDB: Waiting for purge to start
2021-04-27T18:04:18.588098Z 0 [Note] InnoDB: 5.7.22 started; log sequence number 12365932
2021-04-27T18:04:18.588506Z 0 [Note] InnoDB: Loading buffer pool(s) from /var/lib/mysql/ib_buffer_pool
2021-04-27T18:04:18.588914Z 0 [Note] Plugin 'FEDERATED' is disabled.
2021-04-27T18:04:18.603076Z 0 [Note] Found ca.pem, server-cert.pem and server-key.pem in data directory. Trying to enable SSL support using them.
2021-04-27T18:04:18.604015Z 0 [Note] InnoDB: Buffer pool(s) load completed at 210427 18:04:18
2021-04-27T18:04:18.604283Z 0 [Warning] CA certificate ca.pem is self signed.
2021-04-27T18:04:18.610408Z 0 [Note] Server hostname (bind-address): '*'; port: 3306
2021-04-27T18:04:18.610554Z 0 [Note] IPv6 is available.
2021-04-27T18:04:18.610591Z 0 [Note]   - '::' resolves to '::';
2021-04-27T18:04:18.610641Z 0 [Note] Server socket created on IP: '::'.
2021-04-27T18:04:18.612236Z 0 [Warning] Insecure configuration for --pid-file: Location '/var/run/mysqld' in the path is accessible to all OS users. Consider choosing a different directory.
2021-04-27T18:04:18.616424Z 0 [Warning] 'user' entry 'root@localhost' ignored in --skip-name-resolve mode.
2021-04-27T18:04:18.616487Z 0 [Warning] 'user' entry 'mysql.session@localhost' ignored in --skip-name-resolve mode.
2021-04-27T18:04:18.616512Z 0 [Warning] 'user' entry 'mysql.sys@localhost' ignored in --skip-name-resolve mode.
2021-04-27T18:04:18.616669Z 0 [Warning] 'db' entry 'performance_schema mysql.session@localhost' ignored in --skip-name-resolve mode.
2021-04-27T18:04:18.616691Z 0 [Warning] 'db' entry 'sys mysql.sys@localhost' ignored in --skip-name-resolve mode.
2021-04-27T18:04:18.616861Z 0 [Warning] 'proxies_priv' entry '@ root@localhost' ignored in --skip-name-resolve mode.
2021-04-27T18:04:18.624305Z 0 [Warning] 'tables_priv' entry 'user mysql.session@localhost' ignored in --skip-name-resolve mode.
2021-04-27T18:04:18.624340Z 0 [Warning] 'tables_priv' entry 'sys_config mysql.sys@localhost' ignored in --skip-name-resolve mode.
2021-04-27T18:04:18.646555Z 0 [Note] Event Scheduler: Loaded 0 events
2021-04-27T18:04:18.646767Z 0 [Note] /usr/sbin/mysqld: ready for connections.
Version: '5.7.22'  socket: '/var/run/mysqld/mysqld.sock'  port: 3306  MySQL Community Server (GPL)
